Arguments: 
  /usr/local/bin/node /usr/local/bin/yarn add typescript -D

PATH: 
  /Users/john/code/test-kobra/node_modules/.bin:/Users/john/.config/yarn/link/node_modules/.bin:/Users/john/code/test-kobra/node_modules/.bin:/Users/john/.config/yarn/link/node_modules/.bin:/usr/local/bin:/usr/local/lib/node_modules/npm/bin/node-gyp-bin:/usr/local/bin/node_modules/npm/bin/node-gyp-bin:/Users/john/.rvm/gems/ruby-2.3.4/bin:/Users/john/.rvm/gems/ruby-2.3.4@global/bin:/Users/john/.rvm/rubies/ruby-2.3.4/bin:/Users/john/.yarn/bin:/Users/john/.oh-my-zsh/custom/plugins/git-open:/usr/local/bin:/usr/bin:/bin:/usr/sbin:/sbin:/opt/X11/bin:/usr/local/go/bin:/usr/local/mysql/bin:/Applications/Visual Studio Code.app/Contents/Resources/app/bin:/Users/john/.rvm/bin

Yarn version: 
  0.24.6

Node version: 
  8.0.0

Platform: 
  darwin x64

npm manifest: 
  {
    "name": "microrouter",
    "version": "1.0.0",
    "main": "index.js",
    "license": "MIT"
  }

yarn manifest: 
  No manifest

Lockfile: 
  No lockfile

Trace: 
  Error: https://registry.yarnpkg.com/typescript: ETIMEDOUT
      at Timeout._onTimeout (/usr/local/lib/node_modules/yarn/node_modules/request/request.js:852:19)
      at ontimeout (timers.js:488:11)
      at tryOnTimeout (timers.js:323:5)
      at Timer.listOnTimeout (timers.js:283:5)
